Using pre-set license
Built from '2020.3/release' branch; Version is '2020.3.1f1 (77a89f25062f) revision 7841951'; Using compiler version '192528614'; Build Type 'Release'
OS: 'Windows 10 Home; OS build 19045.3086; Version 2009; 64bit' Language: 'en' Physical Memory: 7831 MB
BatchMode: 1, IsHumanControllingUs: 0, StartBugReporterOnCrash: 0, Is64bit: 1, IsPro: 0

 COMMAND LINE ARGUMENTS:
C:\Program Files\Unity\Hub\Editor\2020.3.1f1\Editor\Unity.exe
-adb2
-batchMode
-noUpm
-name
AssetImportWorker0
-projectPath
C:/Users/Danielle/Documents/GitHub/CMUnity/Leo-Unity-1/Unity - Forked Module 2/Module-2-Template
-logFile
Logs/AssetImportWorker0.log
-srvPort
54967
Successfully changed project path to: C:/Users/Danielle/Documents/GitHub/CMUnity/Leo-Unity-1/Unity - Forked Module 2/Module-2-Template
C:/Users/Danielle/Documents/GitHub/CMUnity/Leo-Unity-1/Unity - Forked Module 2/Module-2-Template
Using Asset Import Pipeline V2.
Refreshing native plugins compatible for Editor in 86.41 ms, found 0 plugins.
Preloading 0 native plugins for Editor in 0.00 ms.
Initialize engine version: 2020.3.1f1 (77a89f25062f)
[Subsystems] Discovering subsystems at path C:/Program Files/Unity/Hub/Editor/2020.3.1f1/Editor/Data/Resources/UnitySubsystems
[Subsystems] Discovering subsystems at path C:/Users/Danielle/Documents/GitHub/CMUnity/Leo-Unity-1/Unity - Forked Module 2/Module-2-Template/Assets
GfxDevice: creating device client; threaded=0
Direct3D:
    Version:  Direct3D 11.0 [level 11.1]
    Renderer: Intel(R) Iris(R) Xe Graphics (ID=0x9a49)
    Vendor:   
    VRAM:     3915 MB
    Driver:   27.20.100.9079
Initialize mono
Mono path[0] = 'C:/Program Files/Unity/Hub/Editor/2020.3.1f1/Editor/Data/Managed'
Mono path[1] = 'C:/Program Files/Unity/Hub/Editor/2020.3.1f1/Editor/Data/MonoBleedingEdge/lib/mono/unityjit'
Mono config path = 'C:/Program Files/Unity/Hub/Editor/2020.3.1f1/Editor/Data/MonoBleedingEdge/etc'
Using monoOptions --debugger-agent=transport=dt_socket,embedding=1,server=y,suspend=n,address=127.0.0.1:56312
Begin MonoManager ReloadAssembly
Registering precompiled unity dll's ...
Register platform support module: C:/Program Files/Unity/Hub/Editor/2020.3.1f1/Editor/Data/PlaybackEngines/WindowsStandaloneSupport/UnityEditor.WindowsStandalone.Extensions.dll
Registered in 0.009095 seconds.
Native extension for WindowsStandalone target not found
Refreshing native plugins compatible for Editor in 96.71 ms, found 0 plugins.
Preloading 0 native plugins for Editor in 0.00 ms.
Invoked RoslynAnalysisRunner static constructor.
RoslynAnalysisRunner will not be running.
RoslynAnalysisRunner has terminated.
Mono: successfully reloaded assembly
- Completed reload, in  7.221 seconds
Platform modules already initialized, skipping
Registering precompiled user dll's ...
Registered in 0.004593 seconds.
Begin MonoManager ReloadAssembly
Native extension for WindowsStandalone target not found
Refreshing native plugins compatible for Editor in 0.51 ms, found 0 plugins.
Preloading 0 native plugins for Editor in 0.00 ms.
Invoked RoslynAnalysisRunner static constructor.
RoslynAnalysisRunner will not be running.
RoslynAnalysisRunner has terminated.
Mono: successfully reloaded assembly
- Completed reload, in  2.746 seconds
Platform modules already initialized, skipping
========================================================================
Worker process is ready to serve import requests
Launched and connected shader compiler UnityShaderCompiler.exe after 0.20 seconds
Refreshing native plugins compatible for Editor in 0.75 ms, found 0 plugins.
Preloading 0 native plugins for Editor in 0.00 ms.
Unloading 1146 Unused Serialized files (Serialized files now loaded: 0)
System memory in use before: 60.1 MB.
System memory in use after: 60.1 MB.

Unloading 9 unused Assets to reduce memory usage. Loaded Objects now: 1590.
Total: 4.798500 ms (FindLiveObjects: 0.355300 ms CreateObjectMapping: 0.131700 ms MarkObjects: 4.080700 ms  DeleteObjects: 0.228100 ms)

========================================================================
Received Import Request.
  path: Assets/Materials/Textures/Wall/WallSpecular.png
  artifactKey: Guid(468272f06f290445397667121d72ad10) Importer(815301076,1909f56bfc062723c751e8b465ee728b)
Start importing Assets/Materials/Textures/Wall/WallSpecular.png using Guid(468272f06f290445397667121d72ad10) Importer(815301076,1909f56bfc062723c751e8b465ee728b)  -> (artifact id: 'f64f96be859c407ea39b9fd2ba5e5699') in 0.232869 seconds
  Import took 0.241382 seconds .

========================================================================
Received Import Request.
  Time since last request: 0.001240 seconds.
  path: Assets/Materials/Textures/Wall/WallAmbientOcclusion.png
  artifactKey: Guid(7a7f998cb69334b2b8d6904b34cbac00) Importer(815301076,1909f56bfc062723c751e8b465ee728b)
Start importing Assets/Materials/Textures/Wall/WallAmbientOcclusion.png using Guid(7a7f998cb69334b2b8d6904b34cbac00) Importer(815301076,1909f56bfc062723c751e8b465ee728b)  -> (artifact id: 'e9810836849a0d6afb1cdabb6c839bc1') in 0.035435 seconds
  Import took 0.042418 seconds .

========================================================================
Received Import Request.
  Time since last request: 0.001199 seconds.
  path: Assets/Materials/Textures/Wall
  artifactKey: Guid(87b0ae5244bcb4c8facf6c6fc3045796) Importer(815301076,1909f56bfc062723c751e8b465ee728b)
Start importing Assets/Materials/Textures/Wall using Guid(87b0ae5244bcb4c8facf6c6fc3045796) Importer(815301076,1909f56bfc062723c751e8b465ee728b)  -> (artifact id: '4b6bed8db0ae4e22db9973ce1735c03e') in 0.007392 seconds
  Import took 0.012767 seconds .

========================================================================
Received Import Request.
  Time since last request: 0.000782 seconds.
  path: Assets/Materials/Textures/Wall/WallNormal.png
  artifactKey: Guid(b7846c59f9ba549d0b074176106c94b0) Importer(815301076,1909f56bfc062723c751e8b465ee728b)
Start importing Assets/Materials/Textures/Wall/WallNormal.png using Guid(b7846c59f9ba549d0b074176106c94b0) Importer(815301076,1909f56bfc062723c751e8b465ee728b)  -> (artifact id: '4b88ced8faa81548cc2c74436c9f717a') in 0.118583 seconds
  Import took 0.123671 seconds .

========================================================================
Received Import Request.
  Time since last request: 0.001111 seconds.
  path: Assets/Materials/Textures/Wall/WallDiffuse.png
  artifactKey: Guid(094e521056259472cbcaba5a7bc4ca09) Importer(815301076,1909f56bfc062723c751e8b465ee728b)
Start importing Assets/Materials/Textures/Wall/WallDiffuse.png using Guid(094e521056259472cbcaba5a7bc4ca09) Importer(815301076,1909f56bfc062723c751e8b465ee728b)  -> (artifact id: '6c54d1168618c9ec8e6745c4522b4872') in 0.030540 seconds
  Import took 0.036499 seconds .

========================================================================
Received Import Request.
  Time since last request: 108.889004 seconds.
  path: Assets/Scripts/Mouse Controls
  artifactKey: Guid(2f8bf7678a1e74d5ab9b2a1a55387ce6) Importer(815301076,1909f56bfc062723c751e8b465ee728b)
Start importing Assets/Scripts/Mouse Controls using Guid(2f8bf7678a1e74d5ab9b2a1a55387ce6) Importer(815301076,1909f56bfc062723c751e8b465ee728b)  -> (artifact id: '2881a5a8b0f343c17599138212e69b99') in 0.004887 seconds
  Import took 0.009823 seconds .

========================================================================
Received Import Request.
  Time since last request: 0.613687 seconds.
  path: Assets/Scripts/MiniProject2
  artifactKey: Guid(e93b77254e3474e078d8f69df171a139) Importer(815301076,1909f56bfc062723c751e8b465ee728b)
Start importing Assets/Scripts/MiniProject2 using Guid(e93b77254e3474e078d8f69df171a139) Importer(815301076,1909f56bfc062723c751e8b465ee728b)  -> (artifact id: '6e7575223d54f1f88b8cfe279197bfca') in 0.006943 seconds
  Import took 0.012148 seconds .

========================================================================
Received Import Request.
  Time since last request: 0.493370 seconds.
  path: Assets/Scripts/MiniProject1
  artifactKey: Guid(1eba812c89fc4497e8e97a1d1adf455b) Importer(815301076,1909f56bfc062723c751e8b465ee728b)
Start importing Assets/Scripts/MiniProject1 using Guid(1eba812c89fc4497e8e97a1d1adf455b) Importer(815301076,1909f56bfc062723c751e8b465ee728b)  -> (artifact id: 'ae3bf2d529a0b4f6841cde47f5fd0cf1') in 0.009356 seconds
  Import took 0.015507 seconds .

========================================================================
Received Import Request.
  Time since last request: 0.662657 seconds.
  path: Assets/Scripts/First Person Control
  artifactKey: Guid(409d09edea33a46f4b7555f4c2c5fa4b) Importer(815301076,1909f56bfc062723c751e8b465ee728b)
Start importing Assets/Scripts/First Person Control using Guid(409d09edea33a46f4b7555f4c2c5fa4b) Importer(815301076,1909f56bfc062723c751e8b465ee728b)  -> (artifact id: '061edfab4a34a64ebc7aecbdbeaac769') in 0.009229 seconds
  Import took 0.014911 seconds .

========================================================================
Received Import Request.
  Time since last request: 8.399682 seconds.
  path: Assets/Scripts/Mouse Controls/MouseShoot.cs
  artifactKey: Guid(2a17f9a1347f84498955936fb787dbbd) Importer(815301076,1909f56bfc062723c751e8b465ee728b)
Start importing Assets/Scripts/Mouse Controls/MouseShoot.cs using Guid(2a17f9a1347f84498955936fb787dbbd) Importer(815301076,1909f56bfc062723c751e8b465ee728b)  -> (artifact id: 'b20147e76f24741c4f896bf9e2352840') in 0.014749 seconds
  Import took 0.019923 seconds .

========================================================================
Received Import Request.
  Time since last request: 0.966583 seconds.
  path: Assets/Scripts/Mouse Controls/MousePickup.cs
  artifactKey: Guid(dbda46cda60d54b0c8ec6634a2ed61bb) Importer(815301076,1909f56bfc062723c751e8b465ee728b)
Start importing Assets/Scripts/Mouse Controls/MousePickup.cs using Guid(dbda46cda60d54b0c8ec6634a2ed61bb) Importer(815301076,1909f56bfc062723c751e8b465ee728b)  -> (artifact id: '553a43c8d5fbc682730057d64c049c88') in 0.005330 seconds
  Import took 0.009922 seconds .

========================================================================
Received Import Request.
  Time since last request: 0.001166 seconds.
  path: Assets/Scripts/Mouse Controls/MousePickup.cs
  artifactKey: Guid(dbda46cda60d54b0c8ec6634a2ed61bb) Importer(815301076,1909f56bfc062723c751e8b465ee728b)
Start importing Assets/Scripts/Mouse Controls/MousePickup.cs using Guid(dbda46cda60d54b0c8ec6634a2ed61bb) Importer(815301076,1909f56bfc062723c751e8b465ee728b)  -> (artifact id: '553a43c8d5fbc682730057d64c049c88') in 0.005951 seconds
  Import took 0.010445 seconds .

========================================================================
Received Import Request.
  Time since last request: 34.930930 seconds.
  path: Assets/Scripts/Mouse Controls/IPickup.cs
  artifactKey: Guid(aa41f292bcaa34df18779ef573947afd) Importer(815301076,1909f56bfc062723c751e8b465ee728b)
Start importing Assets/Scripts/Mouse Controls/IPickup.cs using Guid(aa41f292bcaa34df18779ef573947afd) Importer(815301076,1909f56bfc062723c751e8b465ee728b)  -> (artifact id: '25feace62b1ea95acbba318c8e9d8964') in 0.005211 seconds
  Import took 0.010436 seconds .

========================================================================
Received Import Request.
  Time since last request: 0.000869 seconds.
  path: Assets/Scripts/Mouse Controls/IPickup.cs
  artifactKey: Guid(aa41f292bcaa34df18779ef573947afd) Importer(815301076,1909f56bfc062723c751e8b465ee728b)
Start importing Assets/Scripts/Mouse Controls/IPickup.cs using Guid(aa41f292bcaa34df18779ef573947afd) Importer(815301076,1909f56bfc062723c751e8b465ee728b)  -> (artifact id: '25feace62b1ea95acbba318c8e9d8964') in 0.004544 seconds
  Import took 0.009033 seconds .

========================================================================
Received Import Request.
  Time since last request: 15.613631 seconds.
  path: Assets/Scripts/Mouse Controls/IDamagable.cs
  artifactKey: Guid(ee7f08f19ee09499491b7d02a0272fde) Importer(815301076,1909f56bfc062723c751e8b465ee728b)
Start importing Assets/Scripts/Mouse Controls/IDamagable.cs using Guid(ee7f08f19ee09499491b7d02a0272fde) Importer(815301076,1909f56bfc062723c751e8b465ee728b)  -> (artifact id: '0f2064b1e2fe8c08e5696aa2a89e202b') in 0.006072 seconds
  Import took 0.010571 seconds .

========================================================================
Received Import Request.
  Time since last request: 0.001066 seconds.
  path: Assets/Scripts/Mouse Controls/IDamagable.cs
  artifactKey: Guid(ee7f08f19ee09499491b7d02a0272fde) Importer(815301076,1909f56bfc062723c751e8b465ee728b)
Start importing Assets/Scripts/Mouse Controls/IDamagable.cs using Guid(ee7f08f19ee09499491b7d02a0272fde) Importer(815301076,1909f56bfc062723c751e8b465ee728b)  -> (artifact id: '0f2064b1e2fe8c08e5696aa2a89e202b') in 0.006942 seconds
  Import took 0.012167 seconds .

========================================================================
Received Import Request.
  Time since last request: 1.251510 seconds.
  path: Assets/Scripts/Mouse Controls/PickupItem.cs
  artifactKey: Guid(3f563f371307d499e905c23973cc71f5) Importer(815301076,1909f56bfc062723c751e8b465ee728b)
Start importing Assets/Scripts/Mouse Controls/PickupItem.cs using Guid(3f563f371307d499e905c23973cc71f5) Importer(815301076,1909f56bfc062723c751e8b465ee728b)  -> (artifact id: 'd82b216ce1234d28b5f1c776128f8f89') in 0.005324 seconds
  Import took 0.009793 seconds .

========================================================================
Received Import Request.
  Time since last request: 0.001073 seconds.
  path: Assets/Scripts/Mouse Controls/PickupItem.cs
  artifactKey: Guid(3f563f371307d499e905c23973cc71f5) Importer(815301076,1909f56bfc062723c751e8b465ee728b)
Start importing Assets/Scripts/Mouse Controls/PickupItem.cs using Guid(3f563f371307d499e905c23973cc71f5) Importer(815301076,1909f56bfc062723c751e8b465ee728b)  -> (artifact id: 'd82b216ce1234d28b5f1c776128f8f89') in 0.004311 seconds
  Import took 0.007633 seconds .

========================================================================
Received Prepare
Registering precompiled user dll's ...
Registered in 0.001146 seconds.
Begin MonoManager ReloadAssembly
Native extension for WindowsStandalone target not found
Refreshing native plugins compatible for Editor in 0.64 ms, found 0 plugins.
Preloading 0 native plugins for Editor in 0.00 ms.
Invoked RoslynAnalysisRunner static constructor.
RoslynAnalysisRunner will not be running.
RoslynAnalysisRunner has terminated.
Mono: successfully reloaded assembly
- Completed reload, in  2.293 seconds
Platform modules already initialized, skipping
Refreshing native plugins compatible for Editor in 0.55 ms, found 0 plugins.
Preloading 0 native plugins for Editor in 0.00 ms.
Unloading 1127 Unused Serialized files (Serialized files now loaded: 0)
System memory in use before: 62.0 MB.
System memory in use after: 62.1 MB.

Unloading 4 unused Assets to reduce memory usage. Loaded Objects now: 1598.
Total: 3.384700 ms (FindLiveObjects: 0.271600 ms CreateObjectMapping: 0.103500 ms MarkObjects: 2.963800 ms  DeleteObjects: 0.040800 ms)

========================================================================
Received Import Request.
  Time since last request: 2757.575831 seconds.
  path: Assets/Scripts/First Person Control/Look.cs
  artifactKey: Guid(d1625000a9d164a3599330b803063854) Importer(815301076,1909f56bfc062723c751e8b465ee728b)
Start importing Assets/Scripts/First Person Control/Look.cs using Guid(d1625000a9d164a3599330b803063854) Importer(815301076,1909f56bfc062723c751e8b465ee728b)  -> (artifact id: 'd95b9fa91f277474c7365c22c5483255') in 0.011908 seconds
  Import took 0.018085 seconds .

========================================================================
Received Import Request.
  Time since last request: 0.003042 seconds.
  path: Assets/Scripts/First Person Control/Look.cs
  artifactKey: Guid(d1625000a9d164a3599330b803063854) Importer(815301076,1909f56bfc062723c751e8b465ee728b)
Start importing Assets/Scripts/First Person Control/Look.cs using Guid(d1625000a9d164a3599330b803063854) Importer(815301076,1909f56bfc062723c751e8b465ee728b)  -> (artifact id: 'd95b9fa91f277474c7365c22c5483255') in 0.004293 seconds
  Import took 0.008183 seconds .

AssetImportWorkerClient::OnTransportError - code=2 error=End of file
