Using pre-set license
Built from '2020.3/release' branch; Version is '2020.3.1f1 (77a89f25062f) revision 7841951'; Using compiler version '192528614'; Build Type 'Release'
OS: 'Windows 10 Home; OS build 19045.3086; Version 2009; 64bit' Language: 'en' Physical Memory: 7831 MB
BatchMode: 1, IsHumanControllingUs: 0, StartBugReporterOnCrash: 0, Is64bit: 1, IsPro: 0

 COMMAND LINE ARGUMENTS:
C:\Program Files\Unity\Hub\Editor\2020.3.1f1\Editor\Unity.exe
-adb2
-batchMode
-noUpm
-name
AssetImportWorker0
-projectPath
C:/Users/Danielle/Documents/GitHub/CMUnity/Leo-Unity-1/Unity - Forked Module 2/Module-2-Template
-logFile
Logs/AssetImportWorker0.log
-srvPort
50416
Successfully changed project path to: C:/Users/Danielle/Documents/GitHub/CMUnity/Leo-Unity-1/Unity - Forked Module 2/Module-2-Template
C:/Users/Danielle/Documents/GitHub/CMUnity/Leo-Unity-1/Unity - Forked Module 2/Module-2-Template
Using Asset Import Pipeline V2.
Refreshing native plugins compatible for Editor in 33.31 ms, found 0 plugins.
Preloading 0 native plugins for Editor in 0.00 ms.
Initialize engine version: 2020.3.1f1 (77a89f25062f)
[Subsystems] Discovering subsystems at path C:/Program Files/Unity/Hub/Editor/2020.3.1f1/Editor/Data/Resources/UnitySubsystems
[Subsystems] Discovering subsystems at path C:/Users/Danielle/Documents/GitHub/CMUnity/Leo-Unity-1/Unity - Forked Module 2/Module-2-Template/Assets
GfxDevice: creating device client; threaded=0
Direct3D:
    Version:  Direct3D 11.0 [level 11.1]
    Renderer: Intel(R) Iris(R) Xe Graphics (ID=0x9a49)
    Vendor:   
    VRAM:     3915 MB
    Driver:   27.20.100.9079
Initialize mono
Mono path[0] = 'C:/Program Files/Unity/Hub/Editor/2020.3.1f1/Editor/Data/Managed'
Mono path[1] = 'C:/Program Files/Unity/Hub/Editor/2020.3.1f1/Editor/Data/MonoBleedingEdge/lib/mono/unityjit'
Mono config path = 'C:/Program Files/Unity/Hub/Editor/2020.3.1f1/Editor/Data/MonoBleedingEdge/etc'
Using monoOptions --debugger-agent=transport=dt_socket,embedding=1,server=y,suspend=n,address=127.0.0.1:56240
Begin MonoManager ReloadAssembly
Registering precompiled unity dll's ...
Register platform support module: C:/Program Files/Unity/Hub/Editor/2020.3.1f1/Editor/Data/PlaybackEngines/WindowsStandaloneSupport/UnityEditor.WindowsStandalone.Extensions.dll
Registered in 0.002532 seconds.
Native extension for WindowsStandalone target not found
Refreshing native plugins compatible for Editor in 26.41 ms, found 0 plugins.
Preloading 0 native plugins for Editor in 0.00 ms.
Invoked RoslynAnalysisRunner static constructor.
RoslynAnalysisRunner will not be running.
RoslynAnalysisRunner has terminated.
Mono: successfully reloaded assembly
- Completed reload, in  1.265 seconds
Platform modules already initialized, skipping
Registering precompiled user dll's ...
Registered in 0.001161 seconds.
Begin MonoManager ReloadAssembly
Native extension for WindowsStandalone target not found
Refreshing native plugins compatible for Editor in 0.36 ms, found 0 plugins.
Preloading 0 native plugins for Editor in 0.00 ms.
Invoked RoslynAnalysisRunner static constructor.
RoslynAnalysisRunner will not be running.
RoslynAnalysisRunner has terminated.
Mono: successfully reloaded assembly
- Completed reload, in  0.884 seconds
Platform modules already initialized, skipping
========================================================================
Worker process is ready to serve import requests
Launched and connected shader compiler UnityShaderCompiler.exe after 0.07 seconds
Refreshing native plugins compatible for Editor in 0.17 ms, found 0 plugins.
Preloading 0 native plugins for Editor in 0.00 ms.
Unloading 1146 Unused Serialized files (Serialized files now loaded: 0)
System memory in use before: 59.6 MB.
System memory in use after: 59.6 MB.

Unloading 9 unused Assets to reduce memory usage. Loaded Objects now: 1589.
Total: 2.860800 ms (FindLiveObjects: 0.207900 ms CreateObjectMapping: 0.057200 ms MarkObjects: 2.471300 ms  DeleteObjects: 0.122400 ms)

========================================================================
Received Import Request.
  path: Assets/Materials
  artifactKey: Guid(a6119305e0f7f4dbc80aec658c6aa35d) Importer(815301076,1909f56bfc062723c751e8b465ee728b)
Start importing Assets/Materials using Guid(a6119305e0f7f4dbc80aec658c6aa35d) Importer(815301076,1909f56bfc062723c751e8b465ee728b)  -> (artifact id: 'a333b449d0713cc6b5ba2bca6056a2ed') in 0.009710 seconds
  Import took 0.011856 seconds .

========================================================================
Received Import Request.
  Time since last request: 0.000452 seconds.
  path: Assets/Materials/Example.mat
  artifactKey: Guid(ac7d65cac675547899eb8b42d41eece3) Importer(815301076,1909f56bfc062723c751e8b465ee728b)
Start importing Assets/Materials/Example.mat using Guid(ac7d65cac675547899eb8b42d41eece3) Importer(815301076,1909f56bfc062723c751e8b465ee728b)  -> (artifact id: '061957ea7e6554241955aee414b30720') in 0.229274 seconds
  Import took 0.231586 seconds .

========================================================================
Received Import Request.
  Time since last request: 3.175083 seconds.
  path: Assets/Materials
  artifactKey: Guid(a6119305e0f7f4dbc80aec658c6aa35d) Importer(815301076,1909f56bfc062723c751e8b465ee728b)
Start importing Assets/Materials using Guid(a6119305e0f7f4dbc80aec658c6aa35d) Importer(815301076,1909f56bfc062723c751e8b465ee728b)  -> (artifact id: 'a333b449d0713cc6b5ba2bca6056a2ed') in 0.002604 seconds
  Import took 0.005437 seconds .

========================================================================
Received Import Request.
  Time since last request: 0.748978 seconds.
  path: Assets/Materials/New Material.mat
  artifactKey: Guid(a11ca0af9a0592540837414e3daaaba9) Importer(815301076,1909f56bfc062723c751e8b465ee728b)
Start importing Assets/Materials/New Material.mat using Guid(a11ca0af9a0592540837414e3daaaba9) Importer(815301076,1909f56bfc062723c751e8b465ee728b)  -> (artifact id: 'aa9e1be59bbf72e3fcdfd7fc2b9facf3') in 0.010434 seconds
  Import took 0.012613 seconds .

========================================================================
Received Import Request.
  Time since last request: 19.570142 seconds.
  path: Assets/Materials/New Material 1.mat
  artifactKey: Guid(4ea534306f893bb44a3b72d498464576) Importer(815301076,1909f56bfc062723c751e8b465ee728b)
Start importing Assets/Materials/New Material 1.mat using Guid(4ea534306f893bb44a3b72d498464576) Importer(815301076,1909f56bfc062723c751e8b465ee728b)  -> (artifact id: '5547e436220800f40760fd46adac379f') in 0.009296 seconds
  Import took 0.012053 seconds .

========================================================================
Received Import Request.
  Time since last request: 3.655721 seconds.
  path: Assets/Materials/New Flare.flare
  artifactKey: Guid(04fc5dc80bffe684189ad71aa3aa2a98) Importer(815301076,1909f56bfc062723c751e8b465ee728b)
Start importing Assets/Materials/New Flare.flare using Guid(04fc5dc80bffe684189ad71aa3aa2a98) Importer(815301076,1909f56bfc062723c751e8b465ee728b)  -> (artifact id: '6cc0c537a4147c6af73a9fb19bf114b9') in 0.007071 seconds
  Import took 0.009645 seconds .

========================================================================
Received Import Request.
  Time since last request: 5.674895 seconds.
  path: Assets/Materials/New Material 2.mat
  artifactKey: Guid(2cb27d2cf8b554a4bbb58bb68fd86830) Importer(815301076,1909f56bfc062723c751e8b465ee728b)
Start importing Assets/Materials/New Material 2.mat using Guid(2cb27d2cf8b554a4bbb58bb68fd86830) Importer(815301076,1909f56bfc062723c751e8b465ee728b)  -> (artifact id: 'b76ac2d075ce8972718a4ffe16ba25fd') in 0.012302 seconds
  Import took 0.014635 seconds .

========================================================================
Received Import Request.
  Time since last request: 5.396257 seconds.
  path: Assets/Materials/New Material 3.mat
  artifactKey: Guid(db9fa171c08714643bc9beb50bc0edfb) Importer(815301076,1909f56bfc062723c751e8b465ee728b)
Start importing Assets/Materials/New Material 3.mat using Guid(db9fa171c08714643bc9beb50bc0edfb) Importer(815301076,1909f56bfc062723c751e8b465ee728b)  -> (artifact id: '8ec0572e86acf6e42677f504a6a2c3b7') in 0.009612 seconds
  Import took 0.012306 seconds .

========================================================================
Received Import Request.
  Time since last request: 6.469428 seconds.
  path: Assets/Prefab/Game Reset Area.prefab
  artifactKey: Guid(dd648e5c2f56d418ebdae896402b1441) Importer(815301076,1909f56bfc062723c751e8b465ee728b)
Start importing Assets/Prefab/Game Reset Area.prefab using Guid(dd648e5c2f56d418ebdae896402b1441) Importer(815301076,1909f56bfc062723c751e8b465ee728b)  -> (artifact id: 'b05b791eb62b437dd78cf9c56dbffcc0') in 0.011050 seconds
  Import took 0.013092 seconds .

========================================================================
Received Import Request.
  Time since last request: 0.000387 seconds.
  path: Assets/Prefab/SimpleFloorWithReset.prefab
  artifactKey: Guid(3785100eba7624cadb970ef4ac148757) Importer(815301076,1909f56bfc062723c751e8b465ee728b)
Start importing Assets/Prefab/SimpleFloorWithReset.prefab using Guid(3785100eba7624cadb970ef4ac148757) Importer(815301076,1909f56bfc062723c751e8b465ee728b)  -> (artifact id: '4dacccbe55a57d2b846750a99fb66c7a') in 0.224043 seconds
  Import took 0.226617 seconds .

========================================================================
Received Import Request.
  Time since last request: 0.000564 seconds.
  path: Assets/Prefab/Spawner.prefab
  artifactKey: Guid(556517224ee0c4c56a609759d6164740) Importer(815301076,1909f56bfc062723c751e8b465ee728b)
Start importing Assets/Prefab/Spawner.prefab using Guid(556517224ee0c4c56a609759d6164740) Importer(815301076,1909f56bfc062723c751e8b465ee728b)  -> (artifact id: '6126ba7388817e633694a1ca89d6c71f') in 0.003664 seconds
  Import took 0.005873 seconds .

========================================================================
Received Import Request.
  Time since last request: 0.000615 seconds.
  path: Assets/Prefab/Platform.prefab
  artifactKey: Guid(55c7e40cdde0c4c0e96ce564c9d30d5b) Importer(815301076,1909f56bfc062723c751e8b465ee728b)
Start importing Assets/Prefab/Platform.prefab using Guid(55c7e40cdde0c4c0e96ce564c9d30d5b) Importer(815301076,1909f56bfc062723c751e8b465ee728b)  -> (artifact id: 'fb3e60b48a72afd99308d7403e76cca7') in 0.013117 seconds
  Import took 0.015160 seconds .

========================================================================
Received Import Request.
  Time since last request: 0.000363 seconds.
  path: Assets/Prefab/Project2Starter.prefab
  artifactKey: Guid(59e361ea2588642959bd3b337e186a6f) Importer(815301076,1909f56bfc062723c751e8b465ee728b)
Start importing Assets/Prefab/Project2Starter.prefab using Guid(59e361ea2588642959bd3b337e186a6f) Importer(815301076,1909f56bfc062723c751e8b465ee728b)  -> (artifact id: '71009a5ce036b37c322c077f042a25a0') in 0.067253 seconds
  Import took 0.070543 seconds .

========================================================================
Received Import Request.
  Time since last request: 0.000412 seconds.
  path: Assets/Prefab/Project1Starter.prefab
  artifactKey: Guid(f929f4ea6ae444214b9d6143ed8458fd) Importer(815301076,1909f56bfc062723c751e8b465ee728b)
Start importing Assets/Prefab/Project1Starter.prefab using Guid(f929f4ea6ae444214b9d6143ed8458fd) Importer(815301076,1909f56bfc062723c751e8b465ee728b)  -> (artifact id: 'cf8552e6520e1c4981eccb47735edfd1') in 0.036867 seconds
  Import took 0.039060 seconds .

========================================================================
Received Import Request.
  Time since last request: 3.098945 seconds.
  path: Assets/Materials/Textures
  artifactKey: Guid(8d1f7842a3a0f4e93a8129a44297be43) Importer(815301076,1909f56bfc062723c751e8b465ee728b)
Start importing Assets/Materials/Textures using Guid(8d1f7842a3a0f4e93a8129a44297be43) Importer(815301076,1909f56bfc062723c751e8b465ee728b)  -> (artifact id: '001526cc17e844d8e1a49ac36a0a0436') in 0.003280 seconds
  Import took 0.006154 seconds .

========================================================================
Received Import Request.
  Time since last request: 139.830985 seconds.
  path: Assets/Materials/Textures/3crates
  artifactKey: Guid(36d0ec24f65734af6bdf06ea54e1a8f6) Importer(815301076,1909f56bfc062723c751e8b465ee728b)
Start importing Assets/Materials/Textures/3crates using Guid(36d0ec24f65734af6bdf06ea54e1a8f6) Importer(815301076,1909f56bfc062723c751e8b465ee728b)  -> (artifact id: 'ac1feec0d4f63781170cf5d19873b191') in 0.003590 seconds
  Import took 0.006463 seconds .

========================================================================
Received Import Request.
  Time since last request: 96.999291 seconds.
  path: Assets/Materials/Textures/Wood
  artifactKey: Guid(9caa19662f8bb4238b7e24594cd43560) Importer(815301076,1909f56bfc062723c751e8b465ee728b)
Start importing Assets/Materials/Textures/Wood using Guid(9caa19662f8bb4238b7e24594cd43560) Importer(815301076,1909f56bfc062723c751e8b465ee728b)  -> (artifact id: '9ab7df4e3d519638b1e917e68d632399') in 0.004378 seconds
  Import took 0.006794 seconds .

========================================================================
Received Import Request.
  Time since last request: 0.053296 seconds.
  path: Assets/Materials/Textures/Wood/wood1.png
  artifactKey: Guid(fbe07c8be22a34f5fb82b522417c11b0) Importer(815301076,1909f56bfc062723c751e8b465ee728b)
Start importing Assets/Materials/Textures/Wood/wood1.png using Guid(fbe07c8be22a34f5fb82b522417c11b0) Importer(815301076,1909f56bfc062723c751e8b465ee728b)  -> (artifact id: 'ae3f6dd3f8d12ceaed80014bcb1711a4') in 0.075458 seconds
  Import took 0.078311 seconds .

========================================================================
Received Import Request.
  Time since last request: 0.000580 seconds.
  path: Assets/Materials/Textures/Wood/wood4.png
  artifactKey: Guid(78794742296d64a2aa0dddaa1ef16980) Importer(815301076,1909f56bfc062723c751e8b465ee728b)
Start importing Assets/Materials/Textures/Wood/wood4.png using Guid(78794742296d64a2aa0dddaa1ef16980) Importer(815301076,1909f56bfc062723c751e8b465ee728b)  -> (artifact id: '8d6fb46e1a33ce8f39b733e7861474be') in 0.010375 seconds
  Import took 0.012855 seconds .

========================================================================
Received Import Request.
  Time since last request: 0.000372 seconds.
  path: Assets/Materials/Textures/Wood/wood5.png
  artifactKey: Guid(a40efc326d3ad405595aab8dbf98081d) Importer(815301076,1909f56bfc062723c751e8b465ee728b)
Start importing Assets/Materials/Textures/Wood/wood5.png using Guid(a40efc326d3ad405595aab8dbf98081d) Importer(815301076,1909f56bfc062723c751e8b465ee728b)  -> (artifact id: '149592081873adbb53f7da51d0ec2244') in 0.012915 seconds
  Import took 0.015082 seconds .

========================================================================
Received Import Request.
  Time since last request: 0.000367 seconds.
  path: Assets/Materials/Textures/Wood/wood3.png
  artifactKey: Guid(51b12d428569e4583acb6690dbdbfb1c) Importer(815301076,1909f56bfc062723c751e8b465ee728b)
Start importing Assets/Materials/Textures/Wood/wood3.png using Guid(51b12d428569e4583acb6690dbdbfb1c) Importer(815301076,1909f56bfc062723c751e8b465ee728b)  -> (artifact id: 'd917342b738d10d3ad3f6e7255d14aaa') in 0.013570 seconds
  Import took 0.016905 seconds .

========================================================================
Received Import Request.
  Time since last request: 0.000408 seconds.
  path: Assets/Materials/Textures/Wood/wood2.png
  artifactKey: Guid(a0e94041fb78e4979abdb284b9b212f5) Importer(815301076,1909f56bfc062723c751e8b465ee728b)
Start importing Assets/Materials/Textures/Wood/wood2.png using Guid(a0e94041fb78e4979abdb284b9b212f5) Importer(815301076,1909f56bfc062723c751e8b465ee728b)  -> (artifact id: '89e17c346f78a348e69827259a39eb14') in 0.011081 seconds
  Import took 0.013207 seconds .

========================================================================
Received Import Request.
  Time since last request: 31.556265 seconds.
  path: Assets/Materials/Textures/FloorTile/FloorTileAmbientOcclusion.png
  artifactKey: Guid(42ba1b44aef554f2b819779299b8ad70) Importer(815301076,1909f56bfc062723c751e8b465ee728b)
Start importing Assets/Materials/Textures/FloorTile/FloorTileAmbientOcclusion.png using Guid(42ba1b44aef554f2b819779299b8ad70) Importer(815301076,1909f56bfc062723c751e8b465ee728b)  -> (artifact id: '8dbc3f529ee56f82b8dc3a00d58696da') in 0.014457 seconds
  Import took 0.016262 seconds .

========================================================================
Received Import Request.
  Time since last request: 0.000385 seconds.
  path: Assets/Materials/Textures/FloorTile/FloorTileDiffuse.png
  artifactKey: Guid(73bc6c9863b614043832693114d4546e) Importer(815301076,1909f56bfc062723c751e8b465ee728b)
Start importing Assets/Materials/Textures/FloorTile/FloorTileDiffuse.png using Guid(73bc6c9863b614043832693114d4546e) Importer(815301076,1909f56bfc062723c751e8b465ee728b)  -> (artifact id: '3f610ad548af7c919b7862eef06ac1a0') in 0.009356 seconds
  Import took 0.011614 seconds .

========================================================================
Received Import Request.
  Time since last request: 0.000388 seconds.
  path: Assets/Materials/Textures/FloorTile/FloorTileSpecular.png
  artifactKey: Guid(aa832a5c75c774bb0ad229efb7c281c8) Importer(815301076,1909f56bfc062723c751e8b465ee728b)
Start importing Assets/Materials/Textures/FloorTile/FloorTileSpecular.png using Guid(aa832a5c75c774bb0ad229efb7c281c8) Importer(815301076,1909f56bfc062723c751e8b465ee728b)  -> (artifact id: 'e6120ab20bac7ea43a675fa4a9429a63') in 0.015533 seconds
  Import took 0.018015 seconds .

========================================================================
Received Import Request.
  Time since last request: 0.000372 seconds.
  path: Assets/Materials/Textures/FloorTile/FloorTileNormal.png
  artifactKey: Guid(d9f4fb2a51c5e4b8ca9fda81bff58970) Importer(815301076,1909f56bfc062723c751e8b465ee728b)
Start importing Assets/Materials/Textures/FloorTile/FloorTileNormal.png using Guid(d9f4fb2a51c5e4b8ca9fda81bff58970) Importer(815301076,1909f56bfc062723c751e8b465ee728b)  -> (artifact id: '76f1876a4ce61f8943076090759b9e88') in 0.012108 seconds
  Import took 0.014666 seconds .

========================================================================
Received Import Request.
  Time since last request: 87.442740 seconds.
  path: Assets/Materials/Textures/3crates/crate0/crate0_bump.png
  artifactKey: Guid(f3f2937d62fec45b19e4c0abad86ea49) Importer(815301076,1909f56bfc062723c751e8b465ee728b)
Start importing Assets/Materials/Textures/3crates/crate0/crate0_bump.png using Guid(f3f2937d62fec45b19e4c0abad86ea49) Importer(815301076,1909f56bfc062723c751e8b465ee728b)  -> (artifact id: '6b919631d635dca1aba570d76d48ae2c') in 0.011086 seconds
  Import took 0.013753 seconds .

========================================================================
Received Import Request.
  Time since last request: 0.000580 seconds.
  path: Assets/Materials/Textures/3crates/crate0/crate0_diffuse.png
  artifactKey: Guid(a260771fca8c64b688da0021e83ccc61) Importer(815301076,1909f56bfc062723c751e8b465ee728b)
Start importing Assets/Materials/Textures/3crates/crate0/crate0_diffuse.png using Guid(a260771fca8c64b688da0021e83ccc61) Importer(815301076,1909f56bfc062723c751e8b465ee728b)  -> (artifact id: '901389d214f105e7352c24e5cdc4a7f5') in 0.011849 seconds
  Import took 0.014110 seconds .

========================================================================
Received Import Request.
  Time since last request: 0.000435 seconds.
  path: Assets/Materials/Textures/3crates/crate0/crate0_normal.png
  artifactKey: Guid(373063ad1c74a4df98417b37987018c5) Importer(815301076,1909f56bfc062723c751e8b465ee728b)
Start importing Assets/Materials/Textures/3crates/crate0/crate0_normal.png using Guid(373063ad1c74a4df98417b37987018c5) Importer(815301076,1909f56bfc062723c751e8b465ee728b)  -> (artifact id: '14a15fbd7e8f312bed8d4c84490ca3c3') in 0.015851 seconds
  Import took 0.017964 seconds .

========================================================================
Received Import Request.
  Time since last request: 1.961458 seconds.
  path: Assets/Materials/Textures/3crates/crate1/crate1_bump.png
  artifactKey: Guid(643600df7d88145b8b5fab35b80a7a33) Importer(815301076,1909f56bfc062723c751e8b465ee728b)
Start importing Assets/Materials/Textures/3crates/crate1/crate1_bump.png using Guid(643600df7d88145b8b5fab35b80a7a33) Importer(815301076,1909f56bfc062723c751e8b465ee728b)  -> (artifact id: '3a18d91fbaad73b6eff4e6992943f620') in 0.008524 seconds
  Import took 0.010827 seconds .

========================================================================
Received Import Request.
  Time since last request: 0.000425 seconds.
  path: Assets/Materials/Textures/3crates/crate1/crate1_diffuse.png
  artifactKey: Guid(189627da3b5434393a8f832422b6b549) Importer(815301076,1909f56bfc062723c751e8b465ee728b)
Start importing Assets/Materials/Textures/3crates/crate1/crate1_diffuse.png using Guid(189627da3b5434393a8f832422b6b549) Importer(815301076,1909f56bfc062723c751e8b465ee728b)  -> (artifact id: '521970c0d88972a75323addda5502579') in 0.009667 seconds
  Import took 0.011846 seconds .

========================================================================
Received Import Request.
  Time since last request: 0.000394 seconds.
  path: Assets/Materials/Textures/3crates/crate1/crate1_normal.png
  artifactKey: Guid(c687d5c7f17ba401ea156635320467c8) Importer(815301076,1909f56bfc062723c751e8b465ee728b)
Start importing Assets/Materials/Textures/3crates/crate1/crate1_normal.png using Guid(c687d5c7f17ba401ea156635320467c8) Importer(815301076,1909f56bfc062723c751e8b465ee728b)  -> (artifact id: '6c8680a500f80e62c6c2bbb1e7cb2ecd') in 0.009919 seconds
  Import took 0.012272 seconds .

========================================================================
Received Import Request.
  Time since last request: 1.013455 seconds.
  path: Assets/Materials/Textures/3crates/crate2/crate2_bump.png
  artifactKey: Guid(77006b514f4014802a6b337a93ff8b22) Importer(815301076,1909f56bfc062723c751e8b465ee728b)
Start importing Assets/Materials/Textures/3crates/crate2/crate2_bump.png using Guid(77006b514f4014802a6b337a93ff8b22) Importer(815301076,1909f56bfc062723c751e8b465ee728b)  -> (artifact id: '5e2311a7627ca6af40e25873c7ad5cbe') in 0.008336 seconds
  Import took 0.010865 seconds .

========================================================================
Received Import Request.
  Time since last request: 0.000343 seconds.
  path: Assets/Materials/Textures/3crates/crate2/crate2_diffuse.png
  artifactKey: Guid(b6b0d2e24dd2b47fca4ba27d58d102fb) Importer(815301076,1909f56bfc062723c751e8b465ee728b)
Start importing Assets/Materials/Textures/3crates/crate2/crate2_diffuse.png using Guid(b6b0d2e24dd2b47fca4ba27d58d102fb) Importer(815301076,1909f56bfc062723c751e8b465ee728b)  -> (artifact id: 'e3b1c0f76b6beecf07ecc2a74b75b541') in 0.009638 seconds
  Import took 0.011533 seconds .

========================================================================
Received Import Request.
  Time since last request: 0.000299 seconds.
  path: Assets/Materials/Textures/3crates/crate2/crate2_normal.png
  artifactKey: Guid(4929c7381df8745fb8da6c4343dc7e1b) Importer(815301076,1909f56bfc062723c751e8b465ee728b)
Start importing Assets/Materials/Textures/3crates/crate2/crate2_normal.png using Guid(4929c7381df8745fb8da6c4343dc7e1b) Importer(815301076,1909f56bfc062723c751e8b465ee728b)  -> (artifact id: '911bd05acb1af993baf62dcd09654bf7') in 0.009103 seconds
  Import took 0.010950 seconds .

========================================================================
Received Prepare
Registering precompiled user dll's ...
Registered in 0.000636 seconds.
Begin MonoManager ReloadAssembly
Native extension for WindowsStandalone target not found
Refreshing native plugins compatible for Editor in 0.20 ms, found 0 plugins.
Preloading 0 native plugins for Editor in 0.00 ms.
Invoked RoslynAnalysisRunner static constructor.
RoslynAnalysisRunner will not be running.
RoslynAnalysisRunner has terminated.
Mono: successfully reloaded assembly
- Completed reload, in  0.857 seconds
Platform modules already initialized, skipping
Refreshing native plugins compatible for Editor in 0.20 ms, found 0 plugins.
Preloading 0 native plugins for Editor in 0.00 ms.
Unloading 1127 Unused Serialized files (Serialized files now loaded: 0)
System memory in use before: 62.2 MB.
System memory in use after: 62.3 MB.

Unloading 4 unused Assets to reduce memory usage. Loaded Objects now: 1638.
Total: 1.226300 ms (FindLiveObjects: 0.143300 ms CreateObjectMapping: 0.040100 ms MarkObjects: 1.026800 ms  DeleteObjects: 0.015100 ms)

AssetImportWorkerClient::OnTransportError - code=2 error=End of file
